@I [HLS-0] Workspace /home/jvarred/Desktop/HLS/sigma_example/solution1 opened at Mon Dec 04 06:34:46 CLST 2017
@I [HLS-100] Command "config_clock -quiet -name default -period 10 -default=false "
@I [SYN-201] Setting up clock 'default' with a period of 10ns.
@I [HLS-100] Command 'config_clock' returned 0; elapsed 0.000332Total elapsed time: 0.350 sec.
@I [HLS-100] Command "open_platform DefaultPlatform "
@I [HLS-100] Command 'open_platform' returned 0; elapsed 0.000184Total elapsed time: 0.354 sec.
@I [HLS-100] Command "import_lib /opt/Xilinx/Vivado_HLS/2015.4/common/technology/xilinx/zynq/zynq "
@I [HLS-100] Command "source /opt/Xilinx/Vivado_HLS/2015.4/common/technology/xilinx/common/xilinx.lib "
@I [HLS-100] Command "source /opt/Xilinx/Vivado_HLS/2015.4/common/technology/xilinx/interface/xilinx_interface.lib "
@I [HLS-100] Command "source /opt/Xilinx/Vivado_HLS/2015.4/common/technology/xilinx/interface/plb46.lib "
@I [HLS-100] Command 'ap_source' returned 0; elapsed 0.001064Total elapsed time: 0.357 sec.
@I [HLS-100] Command "source /opt/Xilinx/Vivado_HLS/2015.4/common/technology/xilinx/interface/fsl.lib "
@I [HLS-100] Command 'ap_source' returned 0; elapsed 0.000502Total elapsed time: 0.358 sec.
@I [HLS-100] Command "source /opt/Xilinx/Vivado_HLS/2015.4/common/technology/xilinx/interface/axi4.lib "
@I [HLS-100] Command 'ap_source' returned 0; elapsed 0.000565Total elapsed time: 0.358 sec.
@I [HLS-100] Command "source /opt/Xilinx/Vivado_HLS/2015.4/common/technology/xilinx/interface/maxi.lib "
@I [HLS-100] Command 'ap_source' returned 0; elapsed 0.000228Total elapsed time: 0.359 sec.
@I [HLS-100] Command "source /opt/Xilinx/Vivado_HLS/2015.4/common/technology/xilinx/interface/saxilite.lib "
@I [HLS-100] Command 'ap_source' returned 0; elapsed 0.000355Total elapsed time: 0.359 sec.
@I [HLS-100] Command 'ap_source' returned 0; elapsed 0.003771Total elapsed time: 0.359 sec.
@I [HLS-100] Command "source /opt/Xilinx/Vivado_HLS/2015.4/common/technology/xilinx/common/dsp48.lib "
@I [HLS-100] Command 'ap_source' returned 0; elapsed 0.000487Total elapsed time: 0.360 sec.
@I [HLS-100] Command "source /opt/Xilinx/Vivado_HLS/2015.4/common/technology/xilinx/ip/dds_compiler.lib "
@I [HLS-100] Command 'ap_source' returned 0; elapsed 0.000287Total elapsed time: 0.360 sec.
@I [HLS-100] Command "source /opt/Xilinx/Vivado_HLS/2015.4/common/technology/xilinx/ip/xfir.lib "
@I [HLS-100] Command 'ap_source' returned 0; elapsed 0.000176Total elapsed time: 0.360 sec.
@I [HLS-100] Command "source /opt/Xilinx/Vivado_HLS/2015.4/common/technology/xilinx/ip/xfft.lib "
@I [HLS-100] Command 'ap_source' returned 0; elapsed 0.000578Total elapsed time: 0.361 sec.
@I [HLS-100] Command 'ap_source' returned 0; elapsed 0.010459Total elapsed time: 0.365 sec.
@I [HLS-100] Command "source /opt/Xilinx/Vivado_HLS/2015.4/common/technology/xilinx/common/xilinx_old.lib "
@I [HLS-100] Command 'ap_source' returned 0; elapsed 0.000914Total elapsed time: 0.368 sec.
@I [HLS-100] Command "source /opt/Xilinx/Vivado_HLS/2015.4/common/technology/xilinx/common/xilinx_vivado.lib "
@I [HLS-100] Command 'ap_source' returned 0; elapsed 0.000765Total elapsed time: 0.369 sec.
@I [HLS-100] Command "source /opt/Xilinx/Vivado_HLS/2015.4/common/technology/xilinx/common/xilinx.hlp "
@I [HLS-100] Command "source /opt/Xilinx/Vivado_HLS/2015.4/common/technology/xilinx/common/target_info.tcl "
@I [HLS-100] Command 'ap_source' returned 0; elapsed 0.000152Total elapsed time: 0.373 sec.
@I [HLS-100] Command "source /opt/Xilinx/Vivado_HLS/2015.4/common/technology/xilinx/interface/xilinx_interface.hlp "
@I [HLS-100] Command "source /opt/Xilinx/Vivado_HLS/2015.4/common/technology/xilinx/interface/maxi.hlp "
@I [HLS-100] Command 'ap_source' returned 0; elapsed 0.000108Total elapsed time: 0.373 sec.
@I [HLS-100] Command "source /opt/Xilinx/Vivado_HLS/2015.4/common/technology/xilinx/interface/saxilite.hlp "
@I [HLS-100] Command 'ap_source' returned 0; elapsed 9.4e-05Total elapsed time: 0.374 sec.
@I [HLS-100] Command 'ap_source' returned 0; elapsed 0.000302Total elapsed time: 0.374 sec.
@I [HLS-100] Command "source /opt/Xilinx/Vivado_HLS/2015.4/common/technology/xilinx/common/dsp48.hlp "
@I [HLS-100] Command 'ap_source' returned 0; elapsed 0.000685Total elapsed time: 0.375 sec.
@I [HLS-100] Command 'ap_source' returned 0; elapsed 0.002554Total elapsed time: 0.375 sec.
@I [HLS-100] Command "source /opt/Xilinx/Vivado_HLS/2015.4/common/technology/xilinx/zynq/dsp48e1.hlp "
@I [HLS-100] Command 'ap_source' returned 0; elapsed 0.000115Total elapsed time: 0.375 sec.
@I [HLS-100] Command "get_default_platform "
@I [HLS-100] Command 'get_default_platform' returned 0; elapsed 5e-06Total elapsed time: 0.375 sec.
@I [HLS-100] Command "config_chip_info -quiet -resource  {SLICE 13300}  {LUT 53200}     {FF 106400} {DSP48E 220}   {BRAM 280}  "
@I [HLS-100] Command 'config_chip_info' returned 0; elapsed 1.7e-05Total elapsed time: 0.376 sec.
@I [HLS-100] Command "config_chip_info -quiet -speed medium "
@I [HLS-100] Command 'config_chip_info' returned 0; elapsed 6e-06Total elapsed time: 0.376 sec.
@I [HLS-100] Command 'import_lib' returned 0; elapsed 0.024651Total elapsed time: 0.379 sec.
@I [HLS-100] Command "source /opt/Xilinx/Vivado_HLS/2015.4/common/technology/xilinx/zynq/zynq.gen "
@I [HLS-100] Command "source /opt/Xilinx/Vivado_HLS/2015.4/common/technology/xilinx/common/virtex.gen "
@I [HLS-100] Command "source /opt/Xilinx/Vivado_HLS/2015.4/common/technology/xilinx/common/xilinx.gen "
@I [HLS-100] Command "source /opt/Xilinx/Vivado_HLS/2015.4/common/technology/xilinx/interface/plb46.gen "
@I [HLS-100] Command 'ap_source' returned 0; elapsed 0.001251Total elapsed time: 0.381 sec.
@I [HLS-100] Command "source /opt/Xilinx/Vivado_HLS/2015.4/common/technology/xilinx/interface/fsl.gen "
@I [HLS-100] Command 'ap_source' returned 0; elapsed 0.00073Total elapsed time: 0.382 sec.
@I [HLS-100] Command "source /opt/Xilinx/Vivado_HLS/2015.4/common/technology/xilinx/interface/axi4.gen "
@I [HLS-100] Command 'ap_source' returned 0; elapsed 0.002925Total elapsed time: 0.385 sec.
@I [HLS-100] Command "source /opt/Xilinx/Vivado_HLS/2015.4/common/technology/xilinx/interface/nativeAXI4.gen "
@I [HLS-100] Command "source /opt/Xilinx/Vivado_HLS/2015.4/common/technology/xilinx/interface/saxilite.gen "
@I [HLS-100] Command 'ap_source' returned 0; elapsed 0.004219Total elapsed time: 0.393 sec.
@I [HLS-100] Command "source /opt/Xilinx/Vivado_HLS/2015.4/common/technology/xilinx/interface/maxi.gen "
@I [HLS-100] Command 'ap_source' returned 0; elapsed 0.007517Total elapsed time: 0.400 sec.
@I [HLS-100] Command 'ap_source' returned 0; elapsed 0.012747Total elapsed time: 0.401 sec.
@I [HLS-100] Command "source /opt/Xilinx/Vivado_HLS/2015.4/common/technology/xilinx/scripts/xilinxcoregen.gen "
@I [HLS-100] Command 'ap_source' returned 0; elapsed 0.0131Total elapsed time: 0.421 sec.
@I [HLS-100] Command "source /opt/Xilinx/Vivado_HLS/2015.4/common/technology/xilinx/interface/XilEDKCoreGen.gen "
@I [HLS-100] Command 'ap_source' returned 0; elapsed 0.010428Total elapsed time: 0.431 sec.
@I [HLS-100] Command "source /opt/Xilinx/Vivado_HLS/2015.4/common/technology/xilinx/ip/xfft.gen "
@I [HLS-100] Command 'ap_source' returned 0; elapsed 0.247657Total elapsed time: 0.691 sec.
@I [HLS-100] Command "source /opt/Xilinx/Vivado_HLS/2015.4/common/technology/xilinx/ip/dds_compiler.gen "
@I [HLS-100] Command 'ap_source' returned 0; elapsed 0.00302Total elapsed time: 0.694 sec.
@I [HLS-100] Command "source /opt/Xilinx/Vivado_HLS/2015.4/common/technology/xilinx/ip/util.gen "
@I [HLS-100] Command 'ap_source' returned 0; elapsed 0.000233Total elapsed time: 0.694 sec.
@I [HLS-100] Command "source /opt/Xilinx/Vivado_HLS/2015.4/common/technology/xilinx/ip/xfir.gen "
@I [HLS-100] Command "source /opt/Xilinx/Vivado_HLS/2015.4/tps/tcl/tcllib1.11.1/struct/list.tcl "
@I [HLS-100] Command "source /opt/Xilinx/Vivado_HLS/2015.4/tps/tcl/tcllib1.11.1/cmdline/cmdline.tcl "
@I [HLS-100] Command 'ap_source' returned 0; elapsed 0.0232Total elapsed time: 0.768 sec.
@I [HLS-100] Command 'ap_source' returned 0; elapsed 0.025951Total elapsed time: 0.769 sec.
@I [HLS-100] Command "source /opt/Xilinx/Vivado_HLS/2015.4/tps/tcl/tcllib1.11.1/math/bignum.tcl "
@I [HLS-100] Command 'ap_source' returned 0; elapsed 0.004028Total elapsed time: 0.840 sec.
@I [HLS-100] Command 'ap_source' returned 0; elapsed 0.182873Total elapsed time: 0.917 sec.
@I [HLS-100] Command 'ap_source' returned 0; elapsed 0.477476Total elapsed time: 0.917 sec.
@I [HLS-100] Command "source /opt/Xilinx/Vivado_HLS/2015.4/common/technology/xilinx/common/dsp48.gen "
@I [HLS-100] Command 'ap_source' returned 0; elapsed 0.000277Total elapsed time: 0.919 sec.
@I [HLS-100] Command 'ap_source' returned 0; elapsed 0.480207Total elapsed time: 0.919 sec.
@I [HLS-100] Command 'ap_source' returned 0; elapsed 0.48046Total elapsed time: 0.919 sec.
@I [HLS-100] Command "open_platform DefaultPlatform "
@I [HLS-100] Command 'open_platform' returned 0; elapsed 1.3e-05Total elapsed time: 0.920 sec.
@I [HLS-100] Command "import_lib /opt/Xilinx/Vivado_HLS/2015.4/common/technology/xilinx/zynq/zynq_fpv6 "
@I [HLS-100] Command "source /opt/Xilinx/Vivado_HLS/2015.4/common/technology/xilinx/common/xilinx_fpv7.lib "
@I [HLS-100] Command "source /opt/Xilinx/Vivado_HLS/2015.4/common/technology/xilinx/common/xilinx_hp.lib "
@I [HLS-100] Command 'ap_source' returned 0; elapsed 0.001937Total elapsed time: 0.926 sec.
@I [HLS-100] Command 'ap_source' returned 0; elapsed 0.022866Total elapsed time: 0.962 sec.
@I [HLS-100] Command "source /opt/Xilinx/Vivado_HLS/2015.4/common/technology/xilinx/common/xilinx_fpv.hlp "
@I [HLS-100] Command "source /opt/Xilinx/Vivado_HLS/2015.4/common/technology/xilinx/common/xilinx.hlp "
@I [HLS-100] Command "source /opt/Xilinx/Vivado_HLS/2015.4/common/technology/xilinx/common/target_info.tcl "
@I [HLS-100] Command 'ap_source' returned 0; elapsed 0.000175Total elapsed time: 0.989 sec.
@I [HLS-100] Command "source /opt/Xilinx/Vivado_HLS/2015.4/common/technology/xilinx/interface/xilinx_interface.hlp "
@I [HLS-100] Command "source /opt/Xilinx/Vivado_HLS/2015.4/common/technology/xilinx/interface/maxi.hlp "
@I [HLS-100] Command 'ap_source' returned 0; elapsed 8.8e-05Total elapsed time: 0.990 sec.
@I [HLS-100] Command "source /opt/Xilinx/Vivado_HLS/2015.4/common/technology/xilinx/interface/saxilite.hlp "
@I [HLS-100] Command 'ap_source' returned 0; elapsed 0.000109Total elapsed time: 0.990 sec.
@I [HLS-100] Command 'ap_source' returned 0; elapsed 0.000411Total elapsed time: 0.990 sec.
@I [HLS-100] Command "source /opt/Xilinx/Vivado_HLS/2015.4/common/technology/xilinx/common/dsp48.hlp "
@I [HLS-100] Command 'ap_source' returned 0; elapsed 0.000522Total elapsed time: 0.992 sec.
@I [HLS-100] Command 'ap_source' returned 0; elapsed 0.005869Total elapsed time: 0.993 sec.
@I [HLS-100] Command 'ap_source' returned 0; elapsed 0.00648Total elapsed time: 0.994 sec.
@I [HLS-100] Command "source /opt/Xilinx/Vivado_HLS/2015.4/common/technology/xilinx/zynq/zynq_hp.hlp "
@I [HLS-100] Command 'ap_source' returned 0; elapsed 0.003468Total elapsed time: 0.998 sec.
@I [HLS-100] Command 'import_lib' returned 0; elapsed 0.069409Total elapsed time: 1.24 sec.
@I [HLS-100] Command "source /opt/Xilinx/Vivado_HLS/2015.4/common/technology/xilinx/zynq/zynq_fpv6.gen "
@I [HLS-100] Command "source /opt/Xilinx/Vivado_HLS/2015.4/common/technology/xilinx/common/xilinx_fpv6.gen "
@I [HLS-100] Command 'ap_source' returned 0; elapsed 0.001543Total elapsed time: 1.26 sec.
@I [HLS-100] Command 'ap_source' returned 0; elapsed 0.001812Total elapsed time: 1.26 sec.
@I [HLS-100] Command "set_part xc7z020clg484-1 "
@I [HLS-100] Command "add_library xilinx/zynq/zynq:xc7z020:clg484:-1 "
@I [HLS-100] Command "get_default_platform "
@I [HLS-100] Command 'get_default_platform' returned 0; elapsed 2.8e-05Total elapsed time: 1.33 sec.
@I [HLS-100] Command "license_isbetapart xc7z020 "
@I [HLS-100] Command 'license_isbetapart' returned 1; elapsed 0.160477Total elapsed time: 1.232 sec.
@I [HLS-100] Command "get_default_platform "
@I [HLS-100] Command 'get_default_platform' returned 0; elapsed 1.3e-05Total elapsed time: 1.235 sec.
@I [HLS-100] Command "config_chip_info -quiet -resource  {SLICE 13300}  {LUT 53200}     {FF 106400} {DSP48E 220}   {BRAM 280}  "
@I [HLS-100] Command 'config_chip_info' returned 0; elapsed 1.9e-05Total elapsed time: 1.235 sec.
@I [HLS-100] Command "config_chip_info -quiet -speed slow "
@I [HLS-100] Command 'config_chip_info' returned 0; elapsed 5e-06Total elapsed time: 1.235 sec.
@I [HLS-100] Command 'add_library' returned 0; elapsed 0.171476Total elapsed time: 1.239 sec.
@I [HLS-100] Command "add_library xilinx/zynq/zynq_fpv6 "
@I [HLS-100] Command "get_default_platform "
@I [HLS-100] Command 'get_default_platform' returned 0; elapsed 1.7e-05Total elapsed time: 1.242 sec.
@I [HLS-100] Command 'add_library' returned 0; elapsed 0.008041Total elapsed time: 1.248 sec.
@I [HLS-10] Setting target device to 'xc7z020clg484-1'
@I [HLS-100] Command 'set_part' returned 0; elapsed 0.184964Total elapsed time: 1.248 sec.
@I [HLS-100] Command "get_default_platform "
@I [HLS-100] Command 'get_default_platform' returned 0; elapsed 8e-06Total elapsed time: 1.248 sec.
@I [HLS-100] Command "config_chip_info -quiet -resource  {SLICE 13300}  {LUT 53200}     {FF 106400} {DSP48E 220}   {BRAM 280}  "
@I [HLS-100] Command 'config_chip_info' returned 0; elapsed 1.4e-05Total elapsed time: 1.248 sec.
@I [HLS-100] Command "config_chip_info -quiet -speed slow "
@I [HLS-100] Command 'config_chip_info' returned 0; elapsed 3e-06Total elapsed time: 1.248 sec.
@I [HLS-100] Command 'open_solution' returned 0; elapsed 0.776547Total elapsed time: 1.250 sec.
@I [HLS-100] Command "set_part xc7z020clg484-1 "
@I [HLS-100] Command "add_library xilinx/zynq/zynq:xc7z020:clg484:-1 "
@I [HLS-100] Command "get_default_platform "
@I [HLS-100] Command 'get_default_platform' returned 0; elapsed 0.000289Total elapsed time: 1.261 sec.
@I [HLS-100] Command "license_isbetapart xc7z020 "
@I [HLS-100] Command 'license_isbetapart' returned 1; elapsed 4.5e-05Total elapsed time: 1.262 sec.
@I [HLS-100] Command "get_default_platform "
@I [HLS-100] Command 'get_default_platform' returned 0; elapsed 3.5e-05Total elapsed time: 1.264 sec.
@I [HLS-100] Command "config_chip_info -quiet -resource  {SLICE 13300}  {LUT 53200}     {FF 106400} {DSP48E 220}   {BRAM 280}  "
@I [HLS-100] Command 'config_chip_info' returned 0; elapsed 1.9e-05Total elapsed time: 1.264 sec.
@I [HLS-100] Command "config_chip_info -quiet -speed slow "
@I [HLS-100] Command 'config_chip_info' returned 0; elapsed 4e-06Total elapsed time: 1.264 sec.
@I [HLS-100] Command 'add_library' returned 0; elapsed 0.008332Total elapsed time: 1.267 sec.
@I [HLS-100] Command "add_library xilinx/zynq/zynq_fpv6 "
@I [HLS-100] Command "get_default_platform "
@I [HLS-100] Command 'get_default_platform' returned 0; elapsed 1e-05Total elapsed time: 1.267 sec.
@I [HLS-100] Command 'add_library' returned 0; elapsed 0.001277Total elapsed time: 1.268 sec.
@I [HLS-100] Command 'set_part' returned 0; elapsed 0.017864Total elapsed time: 1.268 sec.
@I [HLS-100] Command "create_clock -period 10 -name default "
@I [HLS-100] Command 'create_clock' returned 0; elapsed 0.002348Total elapsed time: 1.271 sec.
@I [HLS-100] Command "csynth_design "
@I [HLS-100] Command "elaborate -effort=medium -skip_syncheck=0 -keep_printf=0 -lm=0 -skip_cdt=0 -skip_transform=0 -ng=0 -g=0 -opt_fp=0 "
@I [HLS-10] Analyzing design file 'main.cpp' ... 
@0 [HLS-0] Analyzing design file 'main.cpp' ... 
@I [HLS-0] Compiling one TU...
@I [HLS-0] 
Checking before pre-process: exec clang -fno-limit-debug-info -gcc-toolchain "/opt/Xilinx/Vivado_HLS/2015.4/lnx64/tools/gcc" -hls    -fno-math-errno -c -emit-llvm -O0  -mllvm -disable-llvm-optzns -fno-threadsafe-statics  -fno-use-cxa-atexit  -fno-threadsafe-statics -fno-use-cxa-atexit   -I "/opt/Xilinx/Vivado_HLS/2015.4/lnx64/tools/systemc/include" -I "/opt/Xilinx/Vivado_HLS/2015.4/include" -I "/opt/Xilinx/Vivado_HLS/2015.4/include/ap_sysc" -fexceptions -I "/opt/Xilinx/Vivado_HLS/2015.4/common/technology/autopilot" -include etc/autopilot_ssdm_op.h "main.cpp"  -o "/home/jvarred/Desktop/HLS/sigma_example/solution1/.autopilot/db/main.pp.00.o"

@I [HLS-100] Command "is_encrypted /home/jvarred/Desktop/HLS/sigma_example/solution1/.autopilot/db/main.pp.00.o "
@I [HLS-100] Command 'is_encrypted' returned 0; elapsed 0.000122Total elapsed time: 3.746 sec.
@I [HLS-0] Syntax Checker time: 2 seconds per iteration
@I [HLS-0] 
Source preprocessing: exec clang -fno-limit-debug-info -gcc-toolchain "/opt/Xilinx/Vivado_HLS/2015.4/lnx64/tools/gcc" -hls -fno-exceptions  -D__llvm__  -CC -E "main.cpp"     -fno-math-errno -c -emit-llvm -O0  -mllvm -disable-llvm-optzns -fno-threadsafe-statics  -fno-use-cxa-atexit  -fno-threadsafe-statics -fno-use-cxa-atexit -DAESL_SYN -D__SYNTHESIS__ -D__HLS_SYN__ -I "/opt/Xilinx/Vivado_HLS/2015.4/common/technology/autopilot" -I "/opt/Xilinx/Vivado_HLS/2015.4/common/technology/autopilot/ap_sysc" -include etc/autopilot_ssdm_op.h  -o "/home/jvarred/Desktop/HLS/sigma_example/solution1/.autopilot/db/main.pp.0.cpp"

@I [HLS-0] GCC PP time: 0 seconds per iteration
@I [HLS-100] Command "list_core -type functional_unit "
@I [HLS-100] Command 'list_core' returned 0; elapsed 0.000112Total elapsed time: 4.129 sec.
@I [HLS-0] Marker-Pragma convertor: /home/jvarred/Desktop/HLS/sigma_example/solution1/.autopilot/db/main.pp.0.cpp /home/jvarred/Desktop/HLS/sigma_example/solution1/.autopilot/db/main.pp.0.cpp.ap-line.cpp /home/jvarred/Desktop/HLS/sigma_example/solution1/.autopilot/db/main.pp.0.cpp.ap-line.cpp.CXX 1
@I [HLS-0] 
Source processor: exec /opt/Xilinx/Vivado_HLS/2015.4/tps/lnx64/jre/bin/java -Xmx512m -classpath   "/opt/Xilinx/Vivado_HLS/2015.4/lib/classes/autopilot.sourceprocessor.jar:/opt/Xilinx/Vivado_HLS/2015.4/lib/classes/org.eclipse.cdt.core_5.3.0.xilinx_patch.jar:/opt/Xilinx/Vivado_HLS/2015.4/lib/classes/org.eclipse.core.runtime_3.7.0.v20110110.jar:/opt/Xilinx/Vivado_HLS/2015.4/lib/classes/org.eclipse.equinox.common_3.6.0.v20110523.jar:/opt/Xilinx/Vivado_HLS/2015.4/lib/classes/com.ibm.icu_4.4.2.v20110208.jar:/opt/Xilinx/Vivado_HLS/2015.4/lib/classes/jargs.jar:/opt/Xilinx/Vivado_HLS/2015.4/lnx64/tools/eclipse/plugins/org.eclipse.emf.common_2.10.1.v20150123-0348.jar:/opt/Xilinx/Vivado_HLS/2015.4/lnx64/tools/eclipse/plugins/org.eclipse.emf.ecore_2.10.2.v20150123-0348.jar:/opt/Xilinx/Vivado_HLS/2015.4/lnx64/tools/eclipse/plugins/org.eclipse.emf.ecore.xmi_2.10.2.v20150123-0348.jar:/opt/Xilinx/Vivado_HLS/2015.4/lnx64/tools/eclipse/plugins/com.autoesl.autopilot.ui.directiveFileModel_1.0.0.jar:/opt/Xilinx/Vivado_HLS/2015.4/lnx64/tools/eclipse/plugins/com.autoesl.autopilot.ui.common_1.0.0.jar"  autopilot.sourceprocessor.CParser  "/home/jvarred/Desktop/HLS/sigma_example/solution1/.autopilot/db/main.pp.0.cpp.ap-line.cpp"  -m "doGain" -o "/home/jvarred/Desktop/HLS/sigma_example/solution1/.autopilot/db/main.pp.0.cpp.ap-cdt.cpp" --pp --directive /home/jvarred/Desktop/HLS/sigma_example/solution1/solution1.directive --source /home/jvarred/Desktop/HLS/main.cpp --error /home/jvarred/Desktop/HLS/sigma_example/solution1/.autopilot/db --funcunit "AddSub AddSub_DSP AddSubnS DAddSub_fulldsp DAddSub_nodsp DDiv DExp_fulldsp DExp_meddsp DExp_nodsp DLog_fulldsp DLog_meddsp DLog_nodsp DMul_fulldsp DMul_maxdsp DMul_meddsp DMul_nodsp DRSqrt DRecip DSqrt DivnS FAddSub_fulldsp FAddSub_nodsp FDiv FExp_fulldsp FExp_meddsp FExp_nodsp FLog_fulldsp FLog_meddsp FLog_nodsp FMul_fulldsp FMul_maxdsp FMul_meddsp FMul_nodsp FRSqrt_fulldsp FRSqrt_nodsp FRecip_fulldsp FRecip_nodsp FSqrt HAddSub_nodsp HDiv HMul_fulldsp HMul_maxdsp HMul_nodsp HSqrt Mul Mul2S Mul3S Mul4S Mul5S Mul6S Mul_LUT MulnS MuxnS" --ve --vetcl /home/jvarred/Desktop/HLS/sigma_example/solution1/.autopilot/db --ca --es --gf --df --pd --p2d /home/jvarred/Desktop/HLS/sigma_example/solution1/.autopilot/db --sd --scff /home/jvarred/Desktop/HLS/sigma_example/solution1/.autopilot/db/.systemc_flag --ad

@I [HLS-0] Error:Syntax error in source:for (__decltype(__n + 0) __niter = __n;
Error:Missing ; in source:t
Error:Syntax error in source:)
 *__first = __value;
Error:Syntax error in source:for (__decltype(__n + 0) __niter = __n;
Error:Missing ; in source:t
Error:Syntax error in source:)
 *__first = __tmp;
@I [HLS-0] Marker-Pragma convertor: /home/jvarred/Desktop/HLS/sigma_example/solution1/.autopilot/db/main.pp.0.cpp.ap-cdt.cpp /home/jvarred/Desktop/HLS/sigma_example/solution1/.autopilot/db/main.pragma.0.cpp /home/jvarred/Desktop/HLS/sigma_example/solution1/.autopilot/db/main.pragma.0.cpp.ap-line.CXX 0
@I [HLS-100] Command "source /home/jvarred/Desktop/HLS/sigma_example/solution1/.autopilot/db/pragma.status.tcl "
@I [HLS-100] Command 'ap_source' returned 0; elapsed 0.000417Total elapsed time: 63.498 sec.
@I [HLS-0] CDT processor time: 59 seconds per iteration
@I [HLS-0] Pragma handling time: 1 seconds per iteration
@I [HLS-0] 
Source preprocessing: exec clang -fno-limit-debug-info -gcc-toolchain "/opt/Xilinx/Vivado_HLS/2015.4/lnx64/tools/gcc" -hls -fno-exceptions  -D__llvm__  -CC -E "/home/jvarred/Desktop/HLS/sigma_example/solution1/.autopilot/db/main.pragma.1.cpp"     -fno-math-errno -c -emit-llvm -O0  -mllvm -disable-llvm-optzns -fno-threadsafe-statics  -fno-use-cxa-atexit  -fno-threadsafe-statics -fno-use-cxa-atexit -DAESL_SYN -D__SYNTHESIS__ -D__HLS_SYN__ -I "/opt/Xilinx/Vivado_HLS/2015.4/common/technology/autopilot" -I "/opt/Xilinx/Vivado_HLS/2015.4/common/technology/autopilot/ap_sysc" -include etc/autopilot_ssdm_op.h  -o "/home/jvarred/Desktop/HLS/sigma_example/solution1/.autopilot/db/main.pragma.2.cpp"

@I [HLS-0] exec clang -fno-limit-debug-info -gcc-toolchain /opt/Xilinx/Vivado_HLS/2015.4/lnx64/tools/gcc -hls -hls-analyze-label -hls-analyze-pragma -fno-exceptions  -D__llvm__  -w  "/home/jvarred/Desktop/HLS/sigma_example/solution1/.autopilot/db/main.pragma.2.cpp"    -fno-math-errno -c -emit-llvm -O0  -mllvm -disable-llvm-optzns -fno-threadsafe-statics  -fno-use-cxa-atexit -DAESL_SYN -D__SYNTHESIS__ -D__HLS_SYN__ -I "/opt/Xilinx/Vivado_HLS/2015.4/common/technology/autopilot" -I "/opt/Xilinx/Vivado_HLS/2015.4/common/technology/autopilot/ap_sysc" -include etc/autopilot_ssdm_op.h -g -o "/home/jvarred/Desktop/HLS/sigma_example/solution1/.autopilot/db/main.g.bc"
@I [HLS-100] Command "source /home/jvarred/Desktop/HLS/sigma_example/solution1/.autopilot/db/ve_warning.tcl "
@I [HLS-100] Command 'ap_source' returned 0; elapsed 8.6e-05Total elapsed time: 66.260 sec.
@I [HLS-10] Validating synthesis directives ...
@0 [HLS-0] Validating synthesis directives ...
@I [HLS-100] Command "source /home/jvarred/Desktop/HLS/sigma_example/solution1/.autopilot/db/pragma.status.tcl "
@I [HLS-100] Command 'ap_source' returned 0; elapsed 3.9e-05Total elapsed time: 66.260 sec.
@I [HLS-0] Linking all ...
@I [HLS-0] exec llvm-ld  "/home/jvarred/Desktop/HLS/sigma_example/solution1/.autopilot/db/main.bc"  -disable-opt  -L/opt/Xilinx/Vivado_HLS/2015.4/lnx64/lib -lm_basic -o "/home/jvarred/Desktop/HLS/sigma_example/solution1/.autopilot/db/a.o.pre"
@I [HLS-0] Link time: 0 seconds per iteration
@I [HLS-0] Linking all ...
@I [HLS-0] exec llvm-ld  "/home/jvarred/Desktop/HLS/sigma_example/solution1/.autopilot/db/main.g.bc"  -disable-opt  -L/opt/Xilinx/Vivado_HLS/2015.4/lnx64/lib -lm_basic -o "/home/jvarred/Desktop/HLS/sigma_example/solution1/.autopilot/db/a.g.pre"
@I [HLS-0] Link time: 0 seconds per iteration
@I [HLS-100] Command "opt_and_import_c a -opt_level=2 -skip_syncheck=0 -ng=0 -keep_printf=0 "
@I [HLS-100] Command "cleanup_all_models "
@I [HLS-100] Command 'cleanup_all_models' returned 0; elapsed 0.000719Total elapsed time: 66.649 sec.
@I [HLS-10] Starting code transformations ...
@0 [HLS-0] Starting code transformations ...
@I [HLS-0] std xform: transform -hls -share-std-xform -always-inline -promote-dbg-pointer  -interface-preproc  -scalarrepl -mem2reg -keep-read-access -instcombine -dce  -promote-dbg-pointer  -bitop-raise  -indvars -loop-simplify -xunroll  -constprop -instcombine -simplifycfg -indvars  -simplifycfg -dce -globaldce  -basicaa  -simplifycfg -mem2reg -globalopt  -global-constprop -deadargelim -instcombine -simplifycfg  -prune-eh -simplifycfg  -scalarrepl -instcombine -reassociate -licm  -simplifycfg -loop-simplify -indvars -instcombine  -simplifycfg -mem2reg -loop-simplify -indvars -instcombine  -gvn -gvn -instcombine -adce  -break-crit-edges  -simplifycfg -loop-delete  -global-array-opt -dce -dse -adce  -find-syn-modules -top doGain  -deadargelim  -mem2reg -instcombine -dce  -presyn-prepare -auto-rom-infer  -interface-preproc  -syn-check -check-rec-only  -find-region -simplifycfg -func-extr -function-inline  -globaldce -mem2reg -instcombine -dce   -gvn -globaldce -adce -adse  -constprop -instcombine -bit-constprop  -instcombine -dce -simplifycfg -bitop-raise  -simplifycfg -dce -loop-delete -reassociate  -globalopt -global-privatize -mem2reg -dce  -global-constprop -pointer-simplify -constprop -dce  -func-inst -deadargelim  -promote-dbg-pointer  -norm-name   /home/jvarred/Desktop/HLS/sigma_example/solution1/.autopilot/db/a.g.0.bc -o /home/jvarred/Desktop/HLS/sigma_example/solution1/.autopilot/db/a.g.1.bc -f  -phase std-opt
@I [HLS-0] Std xform time: 0 seconds per iteration
@I [HLS-100] Command "is_encrypted /home/jvarred/Desktop/HLS/sigma_example/solution1/.autopilot/db/a.g.1.bc "
@I [HLS-100] Command 'is_encrypted' returned 0; elapsed 9.8e-05Total elapsed time: 66.948 sec.
@I [HLS-10] Checking synthesizability ...
@0 [HLS-0] Checking synthesizability ...
@I [HLS-0] syn check 1/2: transform -hls -syn-check -check-rec-only -disaggr -scalarrepl -norm-name -dce  -mem2reg -instcombine  -function-uniquify -directive-preproc -mem2reg -dse -dce -auto-rom-infer -dce  -array-normalize -instcombine -dce  -array-seg-normalize -instcombine -dce  -array-flatten -instcombine -dce  -array-burst -dce  -deadargelim -promote-global-argument  -function-inline -globaldce -dce  -doublePtrSimplify -doublePtrElim -dce  -doublePtrSimplify -promote-dbg-pointer  -dce -scalarrepl -dse -adse -instcombine  -ptrLegalization  -simplifycfg -dce -instcombine  -pointer-simplify -ptrArgReplace -dce -instcombine   -disaggr -scalarrepl -norm-name -dce  -mem2reg -instcombine -ptrLegalization   -simplifycfg -deadargelim  -instcombine -dce -inst-simplify  -function-uniquify -directive-preproc -mem2reg -dse -dce  -globaldce    /home/jvarred/Desktop/HLS/sigma_example/solution1/.autopilot/db/a.g.1.bc -o /home/jvarred/Desktop/HLS/sigma_example/solution1/.autopilot/db/a.g.2.prechk.bc -f
@I [HLS-0] Syn check 1/2 time: 0 seconds per iteration
@I [HLS-0] syn check 2/2: transform -syn-check   /home/jvarred/Desktop/HLS/sigma_example/solution1/.autopilot/db/a.g.2.prechk.bc -o /home/jvarred/Desktop/HLS/sigma_example/solution1/.autopilot/db/a.g.2.bc -f  -phase syn-check
@I [HLS-0] Syn check 2/2 time: 0 seconds per iteration
@I [HLS-0] Compiler optimizing ...
@I [HLS-0] Share syncheck's 1.bc for syn flow: copy /home/jvarred/Desktop/HLS/sigma_example/solution1/.autopilot/db/a.g.1.bc to /home/jvarred/Desktop/HLS/sigma_example/solution1/.autopilot/db/a.o.1.bc
@I [HLS-0] presyn 1: transform -hls -tmp /home/jvarred/Desktop/HLS/sigma_example/solution1/.autopilot/db -type-info  -function-uniquify -directive-preproc -mem2reg -dse -dce  -disaggr -scalarrepl -norm-name -deadargelim  -mem2reg -instcombine -dce -auto-rom-infer -dce -function-uniquify  -resource-proc  -clib-intrinsic-prepare -dce  -func-buffer -dce -array-normalize  -func-legal -instcombine -gvn -constprop -dce   -ptrArgReplace -mem2reg -instcombine -dce  -array-seg-normalize -deadargelim  -instcombine -dce  -pointer-simplify -dce  -port-alignment -dce  -interface-preproc  -data-pack -instcombine -dce   -basicaa -aggr-aa -aggrmodref-aa -aggr-aa -gvn -gvn  -basicaa -aggr-aa -aggrmodref-aa -aggr-aa -dse -adse -adce  -loop-simplify -indvars -instcombine  -gvn -loop-simplify -mem2reg -dce -simplifycfg  -find-region -instcombine  -auto-loop-pipeline  -inst-simplify  -interface-preproc  -indvars -auto-loop-unroll -loop-simplify -loop-bound -xunroll  -constprop -instcombine -simplifycfg -indvars  -simplifycfg -dce -globaldce  -attach-range  -gvn -inst-simplify  -constprop -simplifycfg -dce  -pointer-simplify -dce  -globalopt -constprop -dce  -array-promote -constprop -instcombine -dce  -ptrArgReplace -mem2reg  -instcombine -simplifycfg -dce  -auto-par -instcombine -dce  -array-transform-check  -array-reshape -instcombine -simplifycfg -dce  -ptrArgReplace -deadargelim -mem2reg  -instcombine -simplifycfg -dce   -duplicate-dataflow-processes -globaldce  -array-partition -instcombine -simplifycfg -dce  -ptrArgReplace -global-constprop -deadargelim -mem2reg  -func-legal -instcombine -dce -global-constprop -deadargelim -mem2reg  -instcombine -simplifycfg -dce   -globalopt -constprop -dce  -array-promote -constprop -instcombine -dce  -ptrArgReplace -mem2reg  -instcombine -simplifycfg -dce   -mem-intrinsic-preproc -dce  -global-privatize  -mem2reg -globaldce  -promote-global-argument  -ptrArgReplace -mem2reg -instcombine -dce  -globalopt -mergereturn -simplify-global-access -mem2reg -dce  -pointer-simplify -dce  -functionattrs  -basicaa -aggr-aa -aggrmodref-aa -aggr-aa -gvn -gvn  -basicaa -aggr-aa -aggrmodref-aa -aggr-aa -dse -adse -adce  -inst-simplify -dce -norm-name  -function-inline -globaldce  -func-inst -constprop -instcombine -simplifycfg -dce  -func-legal -dce   -loop-bound  -arraycheck -bitwidthmin -on-by-dataflow  -loop-delete -instcombine -simplifycfg  -globaldce -dce -gvn -deadargelim -dce -loop-simplify -clean-region -simplifycfg -propagate-stable-arguments  -loop-stream -instcombine -simplifycfg -dce -globaldce  -stream-intrinsic-preproc -dce  -check-ap-stream -loop-simplify -eliminate-keepreads  -extract-dataflow-in-loop -loop-simplify -dce -gvn -deadargelim  -check-dataflow-syntax  -legalize-stream-variable -legalize-global -legalize-global-1  -extract-subproc -dce -dead-channel-elimination  -canonicalize-gep -globaldce -dce -gvn -deadargelim  -scalar-propagation -deadargelim -globaldce -mem2reg  -check-dataflow-channels -function-stream -dce -globaldce  -prop-fifo-spec -internal-stream-gen  -canonicalize-gep -globaldce -dce -gvn -deadargelim   -mergereturn -indvars -loop-simplify  -array-stream -instcombine -simplifycfg -dce  -bundle-memfifo-ops -deadargelim    -function-uniquify -directive-preproc -mem2reg -dse -dce  -group-axi-access    -licm -simplifycfg -dce -loop-delete  -norm-name  /home/jvarred/Desktop/HLS/sigma_example/solution1/.autopilot/db/a.o.1.bc -o /home/jvarred/Desktop/HLS/sigma_example/solution1/.autopilot/db/a.o.1.tmp.bc -f
@I [XFORM-501] Unrolling loop 'Loop-2' (main.cpp:27) in function 'doGain' partially with a factor of 2.
@I [HLS-0] Presyn 1 time: 0 seconds per iteration
@I [HLS-0] presyn 2: transform -hls -keep-callgraph -scalarrepl -mem2reg  -port-alignment -attach-range -dce  -pipe-mux-gen  -indvars -loop-bound  -inst-simplify -instcombine -dce  -merge-array-access -mem2reg -dce  -clean-region -mergereturn -if-conv  -instcombine -dce -constprop  -basicaa -aggr-aa -aggrmodref-aa -aggr-aa -gvn -gvn  -basicaa -aggr-aa -aggrmodref-aa -aggr-aa -dse -adse -adce  -scalarrepl -mem2reg  -global-constprop -deadargelim -deadargelim  -instcombine -dce -simplifycfg    -ptrArgReplace -mem2reg -function-inline  -globaldce -mem2reg -instcombine -dce -expr-balance  -instcombine -dce  -bitwidthmin  -directive-preproc  -inst-rectify -instcombine -dce  -functionattrs  -constprop -instcombine -bit-constprop  -simplify-global-access  -globalopt -globaldce  -inst-simplify -instcombine -elimdeaddata -dce  -loop-delete -simplifycfg   -norm-name /home/jvarred/Desktop/HLS/sigma_example/solution1/.autopilot/db/a.o.1.tmp.bc -o /home/jvarred/Desktop/HLS/sigma_example/solution1/.autopilot/db/a.o.2.bc -f  -phase presyn
@I [HLS-0] Presyn 2 time: 0 seconds per iteration
@I [HLS-100] Command "is_encrypted /home/jvarred/Desktop/HLS/sigma_example/solution1/.autopilot/db/a.o.2.bc "
@I [HLS-100] Command 'is_encrypted' returned 0; elapsed 0.000167Total elapsed time: 67.892 sec.
@I [HLS-0] build ssdm: transform -hls  -function-uniquify -auto-function-inline -globaldce  -ptrArgReplace -mem2reg -instcombine -dce  -reset-lda  -loop-simplify -indvars -licm -loop-dep  -loop-bound -licm -loop-simplify -flattenloopnest  -array-flatten -gvn -instcombine -dce  -array-map -dce -func-legal  -gvn -adce -instcombine -cfgopt -simplifycfg -loop-simplify   -array-burst -promote-global-argument -dce  -axi4-lower -array-seg-normalize  -basicaa -aggrmodref-aa -globalsmodref-aa -aggr-aa -gvn -gvn  -basicaa -aggrmodref-aa -globalsmodref-aa -aggr-aa -dse -adse -adce -licm  -inst-simplify -dce  -globaldce -array-stream -eliminate-keepreads -instcombine  -dce   -deadargelim -doublePtrSimplify  -doublePtrElim -dce -doublePtrSimplify -promote-dbg-pointer  -dce -scalarrepl -mem2reg -disaggr -norm-name -mem2reg  -instcombine  -dse -adse -adce -ptrLegalization -dce -auto-rom-infer -array-flatten -dce -instcombine  -loop-rot -constprop -cfgopt -simplifycfg -loop-simplify -indvars -pointer-simplify -dce -loop-bound  -loop-simplify -loop-preproc  -constprop -global-constprop -gvn -mem2reg -instcombine -dce  -loop-merge -dce  -bitwidthmin  -deadargelim -dce  -scalar-propagation -deadargelim -globaldce -mem2reg  -interface-preproc -interface-gen  -deadargelim -directive-preproc -inst-simplify -dce  -gvn -mem2reg -instcombine -dce -adse  -loop-bound  -instcombine -cfgopt -simplifycfg -loop-simplify  -clean-region -io-protocol  -find-region -mem2reg  -bitop-raise  -inst-simplify -inst-rectify -instcombine -adce -deadargelim  -loop-simplify -phi-opt -bitop-raise  -cfgopt -simplifycfg -strip-dead-prototypes  -interface-lower -bitop-lower -intrinsic-lower -auto-function-inline  -basicaa -aggrmodref-aa -globalsmodref-aa -aggr-aa  -inst-simplify -simplifycfg   -mergereturn -inst-simplify -inst-rectify  -dce -bitop-lower  -loop-rewind -pointer-simplify -dce -cfgopt  -read-loop-dep -dce -bitwidth -norm-name -legalize    -cdfg-build  /home/jvarred/Desktop/HLS/sigma_example/solution1/.autopilot/db/a.o.2.bc -o /home/jvarred/Desktop/HLS/sigma_example/solution1/.autopilot/db/a.o.3.bc -f  -phase build-ssdm
@W [XFORM-542] Cannot flatten a loop nest 'Loop-2' (main.cpp:27:21) in function 'doGain' : 
               more than one sub loop.
@I [HLS-0] Build ssdm time: 0 seconds per iteration
@I [HLS-100] Command "is_encrypted /home/jvarred/Desktop/HLS/sigma_example/solution1/.autopilot/db/a.o.3.bc "
@I [HLS-100] Command 'is_encrypted' returned 0; elapsed 0.000625Total elapsed time: 68.340 sec.
@I [HLS-0] Finish building internal data model.
@I [HLS-100] Command 'opt_and_import_c' returned 0; elapsed 1.37981Total elapsed time: 68.386 sec.
@I [HLS-111] Elapsed time: 4.82008 seconds; current memory usage: 73.8 MB.
@I [HLS-100] Command 'elaborate' returned 0; elapsed 3.70919Total elapsed time: 68.387 sec.
@I [HLS-100] Command "autosyn "
@I [HLS-10] Starting hardware synthesis ...
@0 [HLS-0] Starting hardware synthesis ...
@I [HLS-0] Synthesizing C/C++ design ...
@I [HLS-10] Synthesizing 'doGain' ...
@0 [HLS-0] Synthesizing 'doGain' ...
@I [HLS-100] Command "ap_set_top_model doGain "
@I [HLS-100] Command 'ap_set_top_model' returned 0; elapsed 6.8e-05Total elapsed time: 68.389 sec.
@I [HLS-100] Command "get_model_list doGain -filter all-wo-channel -topdown "
@I [HLS-100] Command 'get_model_list' returned 0; elapsed 6.3e-05Total elapsed time: 68.389 sec.
@I [HLS-100] Command "preproc_iomode -model doGain "
@I [HLS-100] Command 'preproc_iomode' returned 0; elapsed 0.001307Total elapsed time: 68.394 sec.
@I [HLS-100] Command "get_model_list doGain -filter all-wo-channel "
@I [HLS-100] Command 'get_model_list' returned 0; elapsed 4.4e-05Total elapsed time: 68.395 sec.
@I [HLS-0] Model list for configure: doGain
@I [HLS-0] Configuring Module : doGain ...
@I [HLS-100] Command "set_default_model doGain "
@I [HLS-100] Command 'set_default_model' returned 0; elapsed 0.0006Total elapsed time: 68.396 sec.
@I [HLS-100] Command "apply_spec_resource_limit doGain "
@I [HLS-100] Command 'apply_spec_resource_limit' returned 0; elapsed 0.00015Total elapsed time: 68.397 sec.
@I [HLS-0] Model list for preprocess: doGain
@I [HLS-0] Preprocessing Module: doGain ...
@I [HLS-100] Command "set_default_model doGain "
@I [HLS-100] Command 'set_default_model' returned 0; elapsed 0.000667Total elapsed time: 68.398 sec.
@I [HLS-100] Command "cdfg_preprocess -model doGain "
@I [HLS-100] Command 'cdfg_preprocess' returned 0; elapsed 0.001926Total elapsed time: 68.403 sec.
@I [HLS-100] Command "rtl_gen_preprocess doGain "
@I [HLS-100] Command 'rtl_gen_preprocess' returned 0; elapsed 0.000965Total elapsed time: 68.404 sec.
@I [HLS-0] Model list for synthesis: doGain
@I [HLS-10] ----------------------------------------------------------------
@0 [HLS-0] ----------------------------------------------------------------
@I [HLS-10] -- Scheduling module 'doGain' 
@0 [HLS-0] -- Scheduling module 'doGain' 
@I [HLS-10] ----------------------------------------------------------------
@0 [HLS-0] ----------------------------------------------------------------
@I [HLS-100] Command "set_default_model doGain "
@I [HLS-100] Command 'set_default_model' returned 0; elapsed 0.0004Total elapsed time: 68.405 sec.
@I [HLS-100] Command "schedule -model doGain "
@I [SCHED-11] Starting scheduling ...
@I [SCHED-61] Pipelining loop 'Loop 1'.
@I [SCHED-61] Pipelining result: Target II: 1, Final II: 1, Depth: 1.
@I [SCHED-61] Pipelining loop 'odd'.
@W [SCHED-69] Unable to schedule 'store' operation (main.cpp:49) of variable 'valIn_data_V_load_1', main.cpp:46 on array 'valIn.data.V', main.cpp:16 due to limited memory ports.
@I [SCHED-61] Pipelining result: Target II: 1, Final II: 2, Depth: 2.
@I [SCHED-61] Pipelining loop 'even'.
@W [SCHED-69] Unable to schedule 'store' operation (main.cpp:37) of variable 'valIn_data_V_load_3', main.cpp:34 on array 'valIn.data.V', main.cpp:16 due to limited memory ports.
@I [SCHED-61] Pipelining result: Target II: 1, Final II: 2, Depth: 2.
@I [SCHED-61] Pipelining loop 'Loop 3'.
@I [SCHED-61] Pipelining result: Target II: 1, Final II: 1, Depth: 2.
@I [SCHED-11] Finished scheduling.
@I [HLS-100] Command 'schedule' returned 0; elapsed 0.070858Total elapsed time: 68.564 sec.
@I [HLS-111] Elapsed time: 0.081951 seconds; current memory usage: 74.4 MB.
@I [HLS-100] Command "report -o /home/jvarred/Desktop/HLS/sigma_example/solution1/.autopilot/db/doGain.verbose.sched.rpt -verbose -f "
@I [HLS-100] Command 'report' returned 0; elapsed 0.010666Total elapsed time: 68.601 sec.
@I [HLS-100] Command "db_write -o /home/jvarred/Desktop/HLS/sigma_example/solution1/.autopilot/db/doGain.sched.adb -f "
@I [HLS-100] Command 'db_write' returned 0; elapsed 0.01348Total elapsed time: 68.622 sec.
@I [HLS-0] Finish scheduling doGain.
@I [HLS-10] ----------------------------------------------------------------
@0 [HLS-0] ----------------------------------------------------------------
@I [HLS-10] -- Exploring micro-architecture for module 'doGain' 
@0 [HLS-0] -- Exploring micro-architecture for module 'doGain' 
@I [HLS-10] ----------------------------------------------------------------
@0 [HLS-0] ----------------------------------------------------------------
@I [HLS-100] Command "set_default_model doGain "
@I [HLS-100] Command 'set_default_model' returned 0; elapsed 0.000329Total elapsed time: 68.624 sec.
@I [HLS-100] Command "bind -model doGain "
@I [BIND-110] clear=
@I [BIND-110] debug=
@I [BIND-110] drf=
@I [BIND-110] effort=
@I [BIND-110] fast_refine=
@I [BIND-110] fu_weight=[ 0.0 -- 1.0 ]
@I [BIND-110] global_opt=
@I [BIND-110] gsearch=
@I [BIND-110] help=
@I [BIND-110] help-hidden=
@I [BIND-110] min_mem_port=
@I [BIND-110] min_op=
@I [BIND-110] minreg=
@I [BIND-110] ml=
@I [BIND-110] model=doGain
@I [BIND-110] no_false_path=
@I [BIND-110] no_min_op=
@I [BIND-110] normalize=
@I [BIND-110] quiet=
@I [BIND-110] refine=
@I [BIND-110] reg_weight=[ 0.0 -- 1.0 ]
@I [BIND-110] search=
@I [BIND-110] tight_delay=
@I [BIND-110] verbose=
@I [BIND-110] wFF=
@I [BIND-110] wFU=
@I [BIND-110] wMUX=
@I [BIND-110] wNET=
@I [BIND-100] Starting micro-architecture generation ...
@I [BIND-101] Performing variable lifetime analysis.
@I [BIND-101] Exploring resource sharing.
@I [BIND-101] Binding ...
@I [BIND-100] Finished micro-architecture generation.
@I [HLS-100] Command 'bind' returned 0; elapsed 0.021879Total elapsed time: 68.660 sec.
@I [HLS-111] Elapsed time: 0.047675 seconds; current memory usage: 74.9 MB.
@I [HLS-100] Command "report -o /home/jvarred/Desktop/HLS/sigma_example/solution1/.autopilot/db/doGain.verbose.bind.rpt -verbose -f "
@I [HLS-100] Command 'report' returned 0; elapsed 0.026099Total elapsed time: 68.687 sec.
@I [HLS-100] Command "db_write -o /home/jvarred/Desktop/HLS/sigma_example/solution1/.autopilot/db/doGain.bind.adb -f "
@I [HLS-100] Command 'db_write' returned 0; elapsed 0.011949Total elapsed time: 68.700 sec.
@I [HLS-0] Finish binding doGain.
@I [HLS-100] Command "get_model_list doGain -filter all-wo-channel "
@I [HLS-100] Command 'get_model_list' returned 0; elapsed 0.000159Total elapsed time: 68.701 sec.
@I [HLS-0] Preprocessing for RTLGen ...
@I [HLS-100] Command "rtl_gen_preprocess doGain "
@I [HLS-100] Command 'rtl_gen_preprocess' returned 0; elapsed 0.000663Total elapsed time: 68.702 sec.
@I [HLS-0] Model list for RTL generation: doGain
@I [HLS-10] ----------------------------------------------------------------
@0 [HLS-0] ----------------------------------------------------------------
@I [HLS-10] -- Generating RTL for module 'doGain' 
@0 [HLS-0] -- Generating RTL for module 'doGain' 
@I [HLS-10] ----------------------------------------------------------------
@0 [HLS-0] ----------------------------------------------------------------
@I [HLS-100] Command "create_rtl_model doGain -vendor xilinx -mg_file /home/jvarred/Desktop/HLS/sigma_example/solution1/.autopilot/db/doGain.compgen.tcl "
@I [RTGEN-500] Setting interface mode on port 'doGain/inStream_V_data_V' to 'axis'.
@I [RTGEN-500] Setting interface mode on port 'doGain/inStream_V_keep_V' to 'axis'.
@I [RTGEN-500] Setting interface mode on port 'doGain/inStream_V_strb_V' to 'axis'.
@I [RTGEN-500] Setting interface mode on port 'doGain/inStream_V_user_V' to 'axis'.
@I [RTGEN-500] Setting interface mode on port 'doGain/inStream_V_last_V' to 'axis'.
@I [RTGEN-500] Setting interface mode on port 'doGain/inStream_V_id_V' to 'axis'.
@I [RTGEN-500] Setting interface mode on port 'doGain/inStream_V_dest_V' to 'axis'.
@I [RTGEN-500] Setting interface mode on port 'doGain/outStream_V_data_V' to 'axis'.
@I [RTGEN-500] Setting interface mode on port 'doGain/outStream_V_keep_V' to 'axis'.
@I [RTGEN-500] Setting interface mode on port 'doGain/outStream_V_strb_V' to 'axis'.
@I [RTGEN-500] Setting interface mode on port 'doGain/outStream_V_user_V' to 'axis'.
@I [RTGEN-500] Setting interface mode on port 'doGain/outStream_V_last_V' to 'axis'.
@I [RTGEN-500] Setting interface mode on port 'doGain/outStream_V_id_V' to 'axis'.
@I [RTGEN-500] Setting interface mode on port 'doGain/outStream_V_dest_V' to 'axis'.
@I [RTGEN-500] Setting interface mode on function 'doGain' to 'ap_ctrl_hs'.
@I [RTGEN-100] Finished creating RTL model for 'doGain'.
@I [HLS-100] Command 'create_rtl_model' returned 0; elapsed 0.044702Total elapsed time: 68.766 sec.
@I [HLS-111] Elapsed time: 0.085691 seconds; current memory usage: 75.7 MB.
@I [HLS-100] Command "source /home/jvarred/Desktop/HLS/sigma_example/solution1/.autopilot/db/doGain.rtl_wrap.cfg.tcl "
@I [HLS-100] Command 'ap_source' returned 0; elapsed 0.000554Total elapsed time: 68.768 sec.
@I [HLS-100] Command "gen_rtl doGain -istop -style xilinx -tracefl mytrace -tracefmt vcd -traceopt all -f -lang sc -o /home/jvarred/Desktop/HLS/sigma_example/solution1/syn/systemc/doGain -synmodules doGain "
@I [HLS-100] Command 'gen_rtl' returned 0; elapsed 0.002902Total elapsed time: 68.784 sec.
@I [HLS-100] Command "gen_rtl doGain -istop -style xilinx -f -lang vhdl -o /home/jvarred/Desktop/HLS/sigma_example/solution1/syn/vhdl/doGain "
@I [HLS-100] Command 'gen_rtl' returned 0; elapsed 0.023908Total elapsed time: 68.842 sec.
@I [HLS-100] Command "gen_rtl doGain -istop -style xilinx -f -lang vlog -o /home/jvarred/Desktop/HLS/sigma_example/solution1/syn/verilog/doGain "
@I [HLS-100] Command 'gen_rtl' returned 0; elapsed 0.014027Total elapsed time: 68.865 sec.
@I [HLS-100] Command "export_constraint_db -o /home/jvarred/Desktop/HLS/sigma_example/solution1/.autopilot/db/doGain.constraint.tcl -f -tool general "
@I [HLS-100] Command 'export_constraint_db' returned 0; elapsed 8.6e-05Total elapsed time: 68.865 sec.
@I [HLS-100] Command "report -model doGain -o /home/jvarred/Desktop/HLS/sigma_example/solution1/.autopilot/db/doGain.design.xml -verbose -f -dv "
@I [HLS-100] Command 'report' returned 0; elapsed 0.017019Total elapsed time: 68.893 sec.
@I [HLS-100] Command "report -model doGain -o /home/jvarred/Desktop/HLS/sigma_example/solution1/.autopilot/db/doGain.sdaccel.xml -verbose -f -sdaccel "
@I [HLS-100] Command 'report' returned 0; elapsed 0.029775Total elapsed time: 68.942 sec.
@I [HLS-100] Command "gen_tb_info doGain -o /home/jvarred/Desktop/HLS/sigma_example/solution1/.autopilot/db/doGain -p /home/jvarred/Desktop/HLS/sigma_example/solution1/.autopilot/db "
@I [HLS-100] Command 'gen_tb_info' returned 0; elapsed 0.000471Total elapsed time: 68.943 sec.
@I [HLS-100] Command "report -model doGain -o /home/jvarred/Desktop/HLS/sigma_example/solution1/syn/report/doGain_csynth.rpt -f "
@I [HLS-100] Command 'report' returned 0; elapsed 0.011584Total elapsed time: 68.956 sec.
@I [HLS-100] Command "report -model doGain -o /home/jvarred/Desktop/HLS/sigma_example/solution1/syn/report/doGain_csynth.xml -f -x "
@I [HLS-100] Command 'report' returned 0; elapsed 0.008777Total elapsed time: 68.965 sec.
@I [HLS-100] Command "report -model doGain -o /home/jvarred/Desktop/HLS/sigma_example/solution1/.autopilot/db/doGain.verbose.rpt -verbose -f "
@I [HLS-100] Command 'report' returned 0; elapsed 0.027422Total elapsed time: 68.993 sec.
@I [HLS-100] Command "db_write -model doGain -o /home/jvarred/Desktop/HLS/sigma_example/solution1/.autopilot/db/doGain.adb -f "
@I [HLS-100] Command 'db_write' returned 0; elapsed 0.016732Total elapsed time: 69.10 sec.
@I [HLS-100] Command "sc_get_clocks doGain "
@I [HLS-100] Command 'sc_get_clocks' returned 0; elapsed 5e-06Total elapsed time: 69.31 sec.
@I [HLS-100] Command "sc_get_portdomain doGain "
@I [HLS-100] Command 'sc_get_portdomain' returned 0; elapsed 2e-06Total elapsed time: 69.31 sec.
@I [HLS-0] Model list for RTL component generation: doGain
@I [HLS-0] Handling components in module [doGain] ... 
@I [HLS-100] Command "source /home/jvarred/Desktop/HLS/sigma_example/solution1/.autopilot/db/doGain.compgen.tcl "
@I [HLS-0] Found component doGain_valIn_data_V.
@I [HLS-0] Append model doGain_valIn_data_V
@I [HLS-0] Found component doGain_valIn_keep_V.
@I [HLS-0] Append model doGain_valIn_keep_V
@I [HLS-0] Found component doGain_valIn_user_V.
@I [HLS-0] Append model doGain_valIn_user_V
@I [HLS-0] Found component doGain_valIn_last_V.
@I [HLS-0] Append model doGain_valIn_last_V
@I [HLS-0] Found component doGain_valIn_id_V.
@I [HLS-0] Append model doGain_valIn_id_V
@I [HLS-0] Found component doGain_valIn_dest_V.
@I [HLS-0] Append model doGain_valIn_dest_V
@I [HLS-100] Command 'ap_source' returned 0; elapsed 0.0007Total elapsed time: 69.33 sec.
@I [HLS-0] Append model doGain
@I [HLS-0] Generating RTL model list ...
@I [HLS-0] All models in this session: doGain_valIn_data_V doGain_valIn_keep_V doGain_valIn_user_V doGain_valIn_last_V doGain_valIn_id_V doGain_valIn_dest_V doGain
@I [HLS-0] To file: write model doGain_valIn_data_V
@I [HLS-0] To file: write model doGain_valIn_keep_V
@I [HLS-0] To file: write model doGain_valIn_user_V
@I [HLS-0] To file: write model doGain_valIn_last_V
@I [HLS-0] To file: write model doGain_valIn_id_V
@I [HLS-0] To file: write model doGain_valIn_dest_V
@I [HLS-0] To file: write model doGain
@I [HLS-0] Finished generating RTL model list.


@I [HLS-0] RTL Generation done.
@I [HLS-0] CAS Generation done.
@I [HLS-0] CBC Generation done.
@I [HLS-100] Command "export_ssdm /home/jvarred/Desktop/HLS/sigma_example/solution1/.autopilot/db/a.export.ll "
@I [HLS-100] Command 'export_ssdm' returned 0; elapsed 0.000311Total elapsed time: 69.34 sec.
@I [HLS-100] Command "source /home/jvarred/Desktop/HLS/sigma_example/solution1/.autopilot/db/global.setting.tcl "
@I [HLS-100] Command 'ap_source' returned 0; elapsed 0.000166Total elapsed time: 69.37 sec.
@I [HLS-100] Command "source /opt/Xilinx/Vivado_HLS/2015.4/common/technology/generic/autopilot/common.gen "
@I [HLS-100] Command "source /opt/Xilinx/Vivado_HLS/2015.4/common/technology/generic/autopilot/APCoreGen.gen "
@I [HLS-100] Command 'ap_source' returned 0; elapsed 0.000704Total elapsed time: 69.43 sec.
@I [HLS-100] Command 'ap_source' returned 0; elapsed 0.00152Total elapsed time: 69.43 sec.
@I [HLS-100] Command "source /opt/Xilinx/Vivado_HLS/2015.4/common/technology/generic/autopilot/op.gen "
@I [HLS-100] Command 'ap_source' returned 0; elapsed 0.000369Total elapsed time: 69.44 sec.
@I [HLS-100] Command "source /opt/Xilinx/Vivado_HLS/2015.4/common/technology/generic/autopilot/op_simcore.gen "
@I [HLS-100] Command 'ap_source' returned 0; elapsed 0.001891Total elapsed time: 69.46 sec.
@I [HLS-100] Command "source /opt/Xilinx/Vivado_HLS/2015.4/common/technology/generic/autopilot/interface.gen "
@I [HLS-100] Command 'ap_source' returned 0; elapsed 0.000167Total elapsed time: 69.47 sec.
@I [HLS-100] Command "source /home/jvarred/Desktop/HLS/sigma_example/solution1/.autopilot/db/global.setting.tcl "
@I [HLS-100] Command 'ap_source' returned 0; elapsed 9.8e-05Total elapsed time: 69.47 sec.
@I [HLS-100] Command "source /opt/Xilinx/Vivado_HLS/2015.4/common/technology/xilinx/zynq/zynq.gen "
@I [HLS-100] Command "source /opt/Xilinx/Vivado_HLS/2015.4/common/technology/xilinx/common/virtex.gen "
@I [HLS-100] Command "source /opt/Xilinx/Vivado_HLS/2015.4/common/technology/xilinx/common/xilinx.gen "
@I [HLS-100] Command "source /opt/Xilinx/Vivado_HLS/2015.4/common/technology/xilinx/interface/plb46.gen "
@I [HLS-100] Command 'ap_source' returned 0; elapsed 0.001643Total elapsed time: 69.56 sec.
@I [HLS-100] Command "source /opt/Xilinx/Vivado_HLS/2015.4/common/technology/xilinx/interface/fsl.gen "
@I [HLS-100] Command 'ap_source' returned 0; elapsed 0.00059Total elapsed time: 69.57 sec.
@I [HLS-100] Command "source /opt/Xilinx/Vivado_HLS/2015.4/common/technology/xilinx/interface/axi4.gen "
@I [HLS-100] Command 'ap_source' returned 0; elapsed 0.002027Total elapsed time: 69.60 sec.
@I [HLS-100] Command "source /opt/Xilinx/Vivado_HLS/2015.4/common/technology/xilinx/interface/nativeAXI4.gen "
@I [HLS-100] Command "source /opt/Xilinx/Vivado_HLS/2015.4/common/technology/xilinx/interface/saxilite.gen "
@I [HLS-100] Command 'ap_source' returned 0; elapsed 0.003223Total elapsed time: 69.64 sec.
@I [HLS-100] Command "source /opt/Xilinx/Vivado_HLS/2015.4/common/technology/xilinx/interface/maxi.gen "
@I [HLS-100] Command 'ap_source' returned 0; elapsed 0.005489Total elapsed time: 69.71 sec.
@I [HLS-100] Command 'ap_source' returned 0; elapsed 0.009003Total elapsed time: 69.71 sec.
@I [HLS-100] Command "source /opt/Xilinx/Vivado_HLS/2015.4/common/technology/xilinx/scripts/xilinxcoregen.gen "
@I [HLS-100] Command 'ap_source' returned 0; elapsed 0.007732Total elapsed time: 69.79 sec.
@I [HLS-100] Command "source /opt/Xilinx/Vivado_HLS/2015.4/common/technology/xilinx/interface/XilEDKCoreGen.gen "
@I [HLS-100] Command 'ap_source' returned 0; elapsed 0.006878Total elapsed time: 69.88 sec.
@I [HLS-100] Command "source /opt/Xilinx/Vivado_HLS/2015.4/common/technology/xilinx/ip/xfft.gen "
@I [HLS-100] Command 'ap_source' returned 0; elapsed 0.081041Total elapsed time: 69.171 sec.
@I [HLS-100] Command "source /opt/Xilinx/Vivado_HLS/2015.4/common/technology/xilinx/ip/dds_compiler.gen "
@I [HLS-100] Command 'ap_source' returned 0; elapsed 0.003809Total elapsed time: 69.175 sec.
@I [HLS-100] Command "source /opt/Xilinx/Vivado_HLS/2015.4/common/technology/xilinx/ip/util.gen "
@I [HLS-100] Command 'ap_source' returned 0; elapsed 0.000269Total elapsed time: 69.175 sec.
@I [HLS-100] Command "source /opt/Xilinx/Vivado_HLS/2015.4/common/technology/xilinx/ip/xfir.gen "
@I [HLS-100] Command 'ap_source' returned 0; elapsed 0.0274Total elapsed time: 69.206 sec.
@I [HLS-100] Command 'ap_source' returned 0; elapsed 0.141408Total elapsed time: 69.206 sec.
@I [HLS-100] Command "source /opt/Xilinx/Vivado_HLS/2015.4/common/technology/xilinx/common/dsp48.gen "
@I [HLS-100] Command 'ap_source' returned 0; elapsed 0.000232Total elapsed time: 69.207 sec.
@I [HLS-100] Command 'ap_source' returned 0; elapsed 0.14361Total elapsed time: 69.207 sec.
@I [HLS-100] Command 'ap_source' returned 0; elapsed 0.143812Total elapsed time: 69.207 sec.
@I [HLS-100] Command "source /opt/Xilinx/Vivado_HLS/2015.4/common/technology/xilinx/zynq/zynq_fpv6.gen "
@I [HLS-100] Command "source /opt/Xilinx/Vivado_HLS/2015.4/common/technology/xilinx/common/xilinx_fpv6.gen "
@I [HLS-100] Command 'ap_source' returned 0; elapsed 0.001585Total elapsed time: 69.210 sec.
@I [HLS-100] Command 'ap_source' returned 0; elapsed 0.001822Total elapsed time: 69.210 sec.
@I [HLS-100] Command "source /home/jvarred/Desktop/HLS/sigma_example/solution1/.autopilot/db/global.setting.tcl "
@I [HLS-100] Command 'ap_source' returned 0; elapsed 0.000104Total elapsed time: 69.211 sec.
@I [HLS-100] Command "source /home/jvarred/Desktop/HLS/sigma_example/solution1/.autopilot/db/global.setting.tcl "
@I [HLS-100] Command 'ap_source' returned 0; elapsed 8e-05Total elapsed time: 69.211 sec.
@I [HLS-100] Command "source /home/jvarred/Desktop/HLS/sigma_example/solution1/.autopilot/db/global.setting.tcl "
@I [HLS-100] Command 'ap_source' returned 0; elapsed 9.7e-05Total elapsed time: 69.211 sec.
@I [HLS-100] Command "source /home/jvarred/Desktop/HLS/sigma_example/solution1/.autopilot/db/global.setting.tcl "
@I [HLS-100] Command 'ap_source' returned 0; elapsed 8.3e-05Total elapsed time: 69.212 sec.
@I [HLS-100] Command "source /home/jvarred/Desktop/HLS/sigma_example/solution1/.autopilot/db/doGain.compgen.tcl "
@I [RTMG-278] Implementing memory 'doGain_valIn_data_V_ram' using block RAMs.
@I [RTMG-278] Implementing memory 'doGain_valIn_keep_V_ram' using block RAMs.
@I [RTMG-278] Implementing memory 'doGain_valIn_user_V_ram' using block RAMs.
@I [RTMG-278] Implementing memory 'doGain_valIn_last_V_ram' using block RAMs.
@I [RTMG-278] Implementing memory 'doGain_valIn_id_V_ram' using block RAMs.
@I [RTMG-278] Implementing memory 'doGain_valIn_dest_V_ram' using block RAMs.
@I [HLS-100] Command 'ap_source' returned 0; elapsed 0.046237Total elapsed time: 69.263 sec.
@I [HLS-10] Finished generating all RTL models.
@0 [HLS-0] Finished generating all RTL models.
@I [WSYSC-301] Generating RTL SystemC for 'doGain'.
@I [WVHDL-304] Generating RTL VHDL for 'doGain'.
@I [WVLOG-307] Generating RTL Verilog for 'doGain'.
@I [HLS-100] Command 'autosyn' returned 0; elapsed 0.602824Total elapsed time: 69.272 sec.
@I [HLS-100] Command 'csynth_design' returned 0; elapsed 4.31225Total elapsed time: 69.272 sec.
@I [HLS-100] Command 'ap_source' returned 0; elapsed 5.11855Total elapsed time: 69.272 sec.
@I [HLS-100] Command "cleanup_all "
@I [HLS-100] Command 'cleanup_all' returned 0; elapsed 0.007347Total elapsed time: 69.285 sec.
